index.tsx(110,7): error TS6133: 'FavoriteHelpersView' is declared but its value is never read.
index.tsx(111,7): error TS6133: 'PastSessionsView' is declared but its value is never read.
index.tsx(112,7): error TS6133: 'MyPostsView' is declared but its value is never read.
src/components/AccessibilityIntegrationGuide.tsx(8,1): error TS6133: 'React' is declared but its value is never read.
src/components/AccessibilityIntegrationGuide.tsx(9,1): error TS6133: 'MobileAccessibilityProvider' is declared but its value is never read.
src/components/AccessibilityIntegrationGuide.tsx(10,1): error TS6133: 'MobileAccessibilityDashboard' is declared but its value is never read.
src/components/CrisisAlert.tsx(8,8): error TS6133: 'React' is declared but its value is never read.
src/components/CrisisAlert.tsx(9,10): error TS6133: 'AlertIcon' is declared but its value is never read.
src/components/CrisisAlert.tsx(10,3): error TS6133: 'PhoneIcon' is declared but its value is never read.
src/components/CrisisAlert.tsx(11,3): error TS6133: 'ChatIcon' is declared but its value is never read.
src/components/CrisisAlert.tsx(12,3): error TS6133: 'CloseIcon' is declared but its value is never read.
src/components/CrisisAlert.tsx(82,10): error TS6133: 'userInteracted' is declared but its value is never read.
src/components/CrisisDetectionDashboard.tsx(13,27): error TS6133: 'useEffect' is declared but its value is never read.
src/components/CrisisDetectionDashboard.tsx(44,5): error TS6133: 'riskTrend' is declared but its value is never read.
src/components/CrisisDetectionDashboard.tsx(56,5): error TS6133: 'isEmergency' is declared but its value is never read.
src/components/CrisisDetectionDashboard.tsx(306,59): error TS7006: Parameter 'intervention' implicitly has an 'any' type.
src/components/CrisisDetectionDashboard.tsx(306,73): error TS7006: Parameter 'index' implicitly has an 'any' type.
src/components/CrisisDetectionDashboard.tsx(352,9): error TS2322: Type '"large"' is not assignable to type '"sm" | "md" | "lg" | "xl" | undefined'.
src/components/CrisisDetectionDashboard.tsx(361,50): error TS2339: Property 'psychologicalAssessment' does not exist on type 'MLCrisisAnalysisResult'.
src/components/CrisisDetectionDashboard.tsx(365,50): error TS2339: Property 'psychologicalAssessment' does not exist on type 'MLCrisisAnalysisResult'.
src/components/CrisisDetectionDashboard.tsx(369,50): error TS2339: Property 'psychologicalAssessment' does not exist on type 'MLCrisisAnalysisResult'.
src/components/CrisisDetectionDashboard.tsx(377,94): error TS2339: Property 'behavioralPattern' does not exist on type 'MLCrisisAnalysisResult'.
src/components/CrisisDetectionDashboard.tsx(378,87): error TS2339: Property 'behavioralPattern' does not exist on type 'MLCrisisAnalysisResult'.
src/components/CrisisDetectionDashboard.tsx(379,31): error TS2339: Property 'behavioralPattern' does not exist on type 'MLCrisisAnalysisResult'.
src/components/CrisisDetectionDashboard.tsx(380,85): error TS2339: Property 'behavioralPattern' does not exist on type 'MLCrisisAnalysisResult'.
src/components/CrisisDetectionDashboard.tsx(387,29): error TS2339: Property 'biasAdjustments' does not exist on type 'MLCrisisAnalysisResult'.
src/components/CrisisDetectionDashboard.tsx(389,33): error TS2339: Property 'biasAdjustments' does not exist on type 'MLCrisisAnalysisResult'.
src/components/CrisisDetectionDashboard.tsx(389,54): error TS7006: Parameter 'adjustment' implicitly has an 'any' type.
src/components/CrisisDetectionDashboard.tsx(389,66): error TS7006: Parameter 'index' implicitly has an 'any' type.
src/components/CrisisStressTestingDashboard.tsx(97,49): error TS18046: 'error' is of type 'unknown'.
src/components/CrisisStressTestingDashboard.tsx(342,39): error TS6133: 'index' is declared but its value is never read.
src/components/CulturalCrisisDetectionTestRunner.tsx(200,18): error TS18046: 'error' is of type 'unknown'.
src/components/EnhancedLazyComponent.tsx(48,7): error TS6133: 'getNetworkDelay' is declared but its value is never read.
src/components/EnhancedLazyComponent.tsx(55,7): error TS6133: 'getPriorityValue' is declared but its value is never read.
src/components/EnhancedLazyComponent.tsx(118,13): error TS6133: 'preloadResource' is declared but its value is never read.
src/components/EnhancedToast.tsx(9,50): error TS2307: Cannot find module '../../backup-2025-01-03-18-12/src/components/icons.dynamic' or its corresponding type declarations.
src/components/EnhancedToast.tsx(18,7): error TS6133: 'XIcon' is declared but its value is never read.
src/components/EnhancedVideoCard.tsx(274,3): error TS6133: 'onVideoSelect' is declared but its value is never read.
src/components/ErrorBoundary.tsx(352,43): error TS6133: 'errorInfo' is declared but its value is never read.
src/components/ErrorBoundary.tsx(553,9): error TS6133: 'error' is declared but its value is never read.
src/components/icons.dynamic.tsx(195,10): error TS1205: Re-exporting a type when 'isolatedModules' is enabled requires using 'export type'.
src/components/icons.tsx(131,10): error TS1205: Re-exporting a type when 'isolatedModules' is enabled requires using 'export type'.
src/components/LazyComponent.tsx(96,5): error TS6133: 'errorMessage' is declared but its value is never read.
src/components/LazyComponent.tsx(292,47): error TS6133: 'list' is declared but its value is never read.
src/components/LazyComponentRegistry.tsx(4,1): error TS6192: All imports in import declaration are unused.
src/components/LazyComponentRegistry.tsx(45,9): error TS2322: Type 'Promise<typeof import("C:/Astral Projects/Astral-Projects/_Repos/C/astralcore/src/components/MobileFormComponents")>' is not assignable to type 'Promise<{ default: ComponentType<any>; }>'.
  Type 'typeof import("C:/Astral Projects/Astral-Projects/_Repos/C/astralcore/src/components/MobileFormComponents")' is not assignable to type '{ default: ComponentType<any>; }'.
    Types of property 'default' are incompatible.
      Type '{ MobileFormInput: React.FC<MobileFormInputProps>; MobileFormTextArea: React.FC<MobileFormTextAreaProps>; MobileFormSelect: React.FC<...>; MobileFormContainer: React.FC<...>; MobileFormValidation: { ...; }; }' is not assignable to type 'ComponentType<any>'.
src/components/LazyComponentRegistry.tsx(54,9): error TS2322: Type 'Promise<typeof import("C:/Astral Projects/Astral-Projects/_Repos/C/astralcore/src/components/FamilySupportManagement")>' is not assignable to type 'Promise<{ default: ComponentType<any>; }>'.
  Property 'default' is missing in type 'typeof import("C:/Astral Projects/Astral-Projects/_Repos/C/astralcore/src/components/FamilySupportManagement")' but required in type '{ default: ComponentType<any>; }'.
src/components/LazyComponentRegistry.tsx(63,9): error TS2322: Type 'Promise<typeof import("C:/Astral Projects/Astral-Projects/_Repos/C/astralcore/src/components/AccessibilityIntegrationGuide")>' is not assignable to type 'Promise<{ default: ComponentType<any>; }>'.
  Type 'typeof import("C:/Astral Projects/Astral-Projects/_Repos/C/astralcore/src/components/AccessibilityIntegrationGuide")' is not assignable to type '{ default: ComponentType<any>; }'.
    Types of property 'default' are incompatible.
      Type '{ setup: { example: string; description: string; }; usage: { example: string; description: string; }; forms: { example: string; description: string; }; navigation: { example: string; description: string; }; modals: { ...; }; dataVisualization: { ...; }; testing: { ...; }; styles: { ...; }; }' is not assignable to type 'ComponentType<any>'.
src/components/LazyComponentRegistry.tsx(100,9): error TS2322: Type 'Promise<typeof import("C:/Astral Projects/Astral-Projects/_Repos/C/astralcore/src/components/PrivacyAnalyticsDashboard")>' is not assignable to type 'Promise<{ default: ComponentType<any>; }>'.
  Property 'default' is missing in type 'typeof import("C:/Astral Projects/Astral-Projects/_Repos/C/astralcore/src/components/PrivacyAnalyticsDashboard")' but required in type '{ default: ComponentType<any>; }'.
src/components/LazyComponentRegistry.tsx(128,9): error TS2322: Type 'Promise<typeof import("C:/Astral Projects/Astral-Projects/_Repos/C/astralcore/src/components/LoadingSkeletons")>' is not assignable to type 'Promise<{ default: ComponentType<any>; }>'.
  Property 'default' is missing in type 'typeof import("C:/Astral Projects/Astral-Projects/_Repos/C/astralcore/src/components/LoadingSkeletons")' but required in type '{ default: ComponentType<any>; }'.
src/components/LazyComponentRegistry.tsx(137,9): error TS2322: Type 'Promise<typeof import("C:/Astral Projects/Astral-Projects/_Repos/C/astralcore/src/components/MobilePerformanceProvider")>' is not assignable to type 'Promise<{ default: ComponentType<any>; }>'.
  Type 'typeof import("C:/Astral Projects/Astral-Projects/_Repos/C/astralcore/src/components/MobilePerformanceProvider")' is not assignable to type '{ default: ComponentType<any>; }'.
    Types of property 'default' are incompatible.
      Type '{ MobilePerformanceProvider: React.FC<MobilePerformanceProviderProps>; useMobilePerformance: () => MobilePerformanceContextValue; useComponentRenderTracker: (componentName: string) => void; useNetworkAwareLoading: () => { ...; }; usePerformanceMonitoring: () => PerformanceMetrics; PerformanceDebugger: React.FC<...>; }' is not assignable to type 'ComponentType<any>'.
src/components/LazyComponentRegistry.tsx(182,9): error TS2322: Type 'Promise<typeof import("C:/Astral Projects/Astral-Projects/_Repos/C/astralcore/src/components/ProgressiveLoading")>' is not assignable to type 'Promise<{ default: ComponentType<any>; }>'.
  Type 'typeof import("C:/Astral Projects/Astral-Projects/_Repos/C/astralcore/src/components/ProgressiveLoading")' is not assignable to type '{ default: ComponentType<any>; }'.
    Types of property 'default' are incompatible.
      Type '{ ProgressiveImage: React.FC<ProgressiveImageProps>; ProgressiveContent: React.FC<ProgressiveContentProps>; AdaptiveVideo: React.FC<...>; SkeletonLoader: React.FC<...>; }' is not assignable to type 'ComponentType<any>'.
src/components/LazyComponentRegistry.tsx(230,9): error TS2322: Type 'Promise<typeof import("C:/Astral Projects/Astral-Projects/_Repos/C/astralcore/src/components/SeekerSidebar")>' is not assignable to type 'Promise<{ default: ComponentType<any>; }>'.
  Property 'default' is missing in type 'typeof import("C:/Astral Projects/Astral-Projects/_Repos/C/astralcore/src/components/SeekerSidebar")' but required in type '{ default: ComponentType<any>; }'.
src/components/LazyComponentRegistry.tsx(258,9): error TS2322: Type 'Promise<typeof import("C:/Astral Projects/Astral-Projects/_Repos/C/astralcore/src/components/OfflineStatusIndicator")>' is not assignable to type 'Promise<{ default: ComponentType<any>; }>'.
  Property 'default' is missing in type 'typeof import("C:/Astral Projects/Astral-Projects/_Repos/C/astralcore/src/components/OfflineStatusIndicator")' but required in type '{ default: ComponentType<any>; }'.
src/components/LazyComponentRegistry.tsx(286,9): error TS2322: Type 'Promise<typeof import("C:/Astral Projects/Astral-Projects/_Repos/C/astralcore/src/components/SpecializedErrorBoundaries")>' is not assignable to type 'Promise<{ default: ComponentType<any>; }>'.
  Type 'typeof import("C:/Astral Projects/Astral-Projects/_Repos/C/astralcore/src/components/SpecializedErrorBoundaries")' is not assignable to type '{ default: ComponentType<any>; }'.
    Types of property 'default' are incompatible.
      Type '{ CrisisErrorBoundary: React.FC<{ children: React.ReactNode; }>; AuthErrorBoundary: React.FC<{ children: React.ReactNode; }>; CommunicationErrorBoundary: React.FC<{ children: React.ReactNode; }>; ... 6 more ...; withErrorBoundary: <P extends object>(Component: React.ComponentType<P>, boundaryType?: "crisis" | "auth"...' is not assignable to type 'ComponentType<any>'.
src/components/LazyRoutes.tsx(12,16): error TS2307: Cannot find module '../views/CrisisView' or its corresponding type declarations.
src/components/LazyRoutes.tsx(35,16): error TS2307: Cannot find module '../views/DashboardView' or its corresponding type declarations.
src/components/LazyRoutes.tsx(46,16): error TS2307: Cannot find module '../views/CommunityView' or its corresponding type declarations.
src/components/LazyRoutes.tsx(68,16): error TS2307: Cannot find module '../views/AIAssistantView' or its corresponding type declarations.
src/components/LazyRoutes.tsx(80,16): error TS2307: Cannot find module '../views/ProfileView' or its corresponding type declarations.
src/components/LazyRoutes.tsx(125,16): error TS2307: Cannot find module '../views/ModerationView' or its corresponding type declarations.
src/components/LazyRoutes.tsx(148,16): error TS2307: Cannot find module '../views/AnalyticsView' or its corresponding type declarations.
src/components/LazyRoutes.tsx(171,16): error TS2307: Cannot find module '../views/AboutView' or its corresponding type declarations.
src/components/LazyRoutes.tsx(182,16): error TS2307: Cannot find module '../views/HelpView' or its corresponding type declarations.
src/components/LazyRoutes.tsx(210,16): error TS2307: Cannot find module './VideoPlayer' or its corresponding type declarations.
src/components/LazyRoutes.tsx(218,16): error TS2307: Cannot find module './AdvancedChart' or its corresponding type declarations.
src/components/LazyRoutes.tsx(226,16): error TS2307: Cannot find module './RichTextEditor' or its corresponding type declarations.
src/components/LazyRoutes.tsx(234,16): error TS2307: Cannot find module './ImageGallery' or its corresponding type declarations.
src/components/LazyRoutes.tsx(344,14): error TS2339: Property 'preload' does not exist on type 'FC<any>'.
src/components/LazyRoutes.tsx(345,18): error TS2339: Property 'preload' does not exist on type 'FC<any>'.
src/components/LazyRoutes.tsx(353,21): error TS2339: Property 'preload' does not exist on type 'FC<any>'.
src/components/LazyRoutes.tsx(354,21): error TS2339: Property 'preload' does not exist on type 'FC<any>'.
src/components/MobileAccessibilityDashboard.tsx(10,1): error TS6133: 'MobileAccessibilityAuditor' is declared but its value is never read.
src/components/MobileAccessibilityDashboard.tsx(571,14): error TS2322: Type '{ children: string; jsx: true; }' is not assignable to type 'DetailedHTMLProps<StyleHTMLAttributes<HTMLStyleElement>, HTMLStyleElement>'.
  Property 'jsx' does not exist on type 'DetailedHTMLProps<StyleHTMLAttributes<HTMLStyleElement>, HTMLStyleElement>'.
src/components/MobileAccessibilityProvider.tsx(480,11): error TS6133: 'focusableElements' is declared but its value is never read.
src/components/MobileFormComponents.tsx(21,42): error TS6133: 'options' is declared but its value is never read.
src/components/MobileFormComponents.tsx(27,19): error TS6133: 'value' is declared but its value is never read.
src/components/MobileFormComponents.tsx(27,34): error TS6133: 'rules' is declared but its value is never read.
src/components/MobileViewportProvider.tsx(191,24): error TS2339: Property 'scrollIntoView' does not exist on type 'ViewportState'.
src/components/MobileViewportProvider.tsx(398,14): error TS2339: Property 'scrollIntoView' does not exist on type 'ViewportState'.
src/components/PrivacyAnalyticsDashboard.tsx(206,40): error TS6133: 'index' is declared but its value is never read.
src/components/ProgressiveAssets.tsx(67,3): error TS6133: 'quality' is declared but its value is never read.
src/components/ProgressiveAssets.tsx(289,29): error TS6133: 'priority' is declared but its value is never read.
src/components/ProgressiveAssets.tsx(307,29): error TS6133: 'priority' is declared but its value is never read.
src/components/ProgressiveLoading.tsx(34,3): error TS6133: 'priority' is declared but its value is never read.
src/components/PWAInstallBanner.tsx(69,21): error TS2339: Property 'installPromptAvailable' does not exist on type 'PWAStatus'.
src/components/PWAInstallBanner.tsx(76,42): error TS2551: Property 'showInstallPrompt' does not exist on type 'PWAService'. Did you mean 'showSmartInstallPrompt'?
src/components/SimpleErrorBoundary.tsx(8,8): error TS6133: 'React' is declared but its value is never read.
src/components/SkeletonPostCard.tsx(1,1): error TS6133: 'React' is declared but its value is never read.
src/components/SpecializedErrorBoundaries.tsx(13,3): error TS6133: 'error' is declared but its value is never read.
src/components/SpecializedErrorBoundaries.tsx(192,24): error TS6133: 'errorInfo' is declared but its value is never read.
src/components/ThemeCustomizationDashboard.tsx(264,32): error TS6133: 'e' is declared but its value is never read.
src/components/ThemeCustomizationDashboard.tsx(278,32): error TS6133: 'e' is declared but its value is never read.
src/components/ThemeCustomizationDashboard.tsx(399,32): error TS6133: 'e' is declared but its value is never read.
src/config/bundleOptimization.ts(167,20): error TS6133: 'options' is declared but its value is never read.
src/contexts/AuthContext.tsx(168,20): error TS2339: Property 'endSessionEndpoint' does not exist on type '{ authorizationEndpoint: string; tokenEndpoint: string; revocationEndpoint: string; userInfoEndpoint: string; }'.
src/contexts/AuthContext.tsx(169,40): error TS2339: Property 'endSessionEndpoint' does not exist on type '{ authorizationEndpoint: string; tokenEndpoint: string; revocationEndpoint: string; userInfoEndpoint: string; }'.
src/contexts/AuthContext.tsx(237,19): error TS2339: Property 'type' does not exist on type '{ url: string; } | (() => Promise<void>)'.
  Property 'type' does not exist on type '{ url: string; }'.
src/contexts/AuthContext.tsx(237,50): error TS2339: Property 'params' does not exist on type '{ url: string; } | (() => Promise<void>)'.
  Property 'params' does not exist on type '{ url: string; }'.
src/contexts/AuthContext.tsx(238,30): error TS2339: Property 'params' does not exist on type '{ url: string; } | (() => Promise<void>)'.
  Property 'params' does not exist on type '{ url: string; }'.
src/contexts/AuthContext.tsx(239,26): error TS2339: Property 'type' does not exist on type '{ url: string; } | (() => Promise<void>)'.
  Property 'type' does not exist on type '{ url: string; }'.
src/contexts/AuthContext.tsx(240,55): error TS2339: Property 'params' does not exist on type '{ url: string; } | (() => Promise<void>)'.
  Property 'params' does not exist on type '{ url: string; }'.
src/contexts/AuthContext.tsx(240,92): error TS2339: Property 'error' does not exist on type '{ url: string; } | (() => Promise<void>)'.
  Property 'error' does not exist on type '{ url: string; }'.
src/contexts/AuthContext.tsx(241,32): error TS2339: Property 'error' does not exist on type '{ url: string; } | (() => Promise<void>)'.
  Property 'error' does not exist on type '{ url: string; }'.
src/contexts/AuthContext.tsx(253,11): error TS2349: This expression is not callable.
  Not all constituents of type '{ url: string; } | (() => Promise<void>)' are callable.
    Type '{ url: string; }' has no call signatures.
src/contexts/AuthContext.tsx(253,11): error TS2721: Cannot invoke an object which is possibly 'null'.
src/examples/enhancedCrisisDetectionDemo.tsx(64,30): error TS2339: Property 'hasCrisisIndicators' does not exist on type 'MLCrisisAnalysisResult'.
src/examples/enhancedCrisisDetectionDemo.tsx(140,68): error TS2551: Property 'mlConfidence' does not exist on type 'MLCrisisAnalysisResult'. Did you mean 'confidence'?
src/examples/enhancedCrisisDetectionDemo.tsx(148,68): error TS7006: Parameter 'intervention' implicitly has an 'any' type.
src/examples/enhancedCrisisDetectionDemo.tsx(148,82): error TS7006: Parameter 'index' implicitly has an 'any' type.
src/examples/enhancedCrisisDetectionDemo.tsx(199,7): error TS2554: Expected 1-2 arguments, but got 3.
src/examples/enhancedCrisisDetectionDemo.tsx(203,27): error TS2339: Property 'hasCrisisIndicators' does not exist on type 'MLCrisisAnalysisResult'.
src/examples/enhancedCrisisDetectionDemo.tsx(204,27): error TS2339: Property 'realTimeRisk' does not exist on type 'MLCrisisAnalysisResult'.
src/examples/enhancedCrisisDetectionDemo.tsx(205,37): error TS2339: Property 'realTimeRisk' does not exist on type 'MLCrisisAnalysisResult'.
src/examples/enhancedCrisisDetectionDemo.tsx(206,32): error TS2339: Property 'emotionalState' does not exist on type 'MLCrisisAnalysisResult'.
src/examples/enhancedCrisisDetectionDemo.tsx(207,33): error TS2339: Property 'realTimeRisk' does not exist on type 'MLCrisisAnalysisResult'.
src/examples/enhancedCrisisDetectionDemo.tsx(208,35): error TS2339: Property 'biasAdjustments' does not exist on type 'MLCrisisAnalysisResult'.
src/examples/enhancedCrisisDetectionDemo.tsx(209,28): error TS2551: Property 'mlConfidence' does not exist on type 'MLCrisisAnalysisResult'. Did you mean 'confidence'?
src/examples/enhancedCrisisDetectionDemo.tsx(228,3): error TS6133: 'userContext' is declared but its value is never read.
src/examples/enhancedCrisisDetectionDemo.tsx(235,32): error TS6133: 'recommendedInterventions' is declared but its value is never read.
src/examples/EnhancedMobileContactForm.tsx(18,3): error TS6133: 'MobileFormValidation' is declared but its value is never read.
src/examples/EnhancedMobileContactForm.tsx(23,11): error TS6196: 'ContactFormData' is declared but never used.
src/examples/EnhancedMobileContactForm.tsx(75,22): error TS6133: 'values' is declared but its value is never read.
src/examples/EnhancedMobileContactForm.tsx(213,12): error TS2741: Property 'onClick' is missing in type '{ children: string; type: "submit"; variant: "primary"; disabled: boolean; isLoading: boolean; className: string; }' but required in type 'AppButtonProps'.
src/examples/EnhancedMobileContactForm.tsx(246,14): error TS2322: Type '{ children: string; jsx: true; }' is not assignable to type 'DetailedHTMLProps<StyleHTMLAttributes<HTMLStyleElement>, HTMLStyleElement>'.
  Property 'jsx' does not exist on type 'DetailedHTMLProps<StyleHTMLAttributes<HTMLStyleElement>, HTMLStyleElement>'.
src/hooks/useAIChat.ts(9,11): error TS6133: 'addToast' is declared but its value is never read.
src/hooks/useCrisisDetection.ts(189,24): error TS7053: Element implicitly has an 'any' type because expression of type 'string' can't be used to index type '{ none: number; low: number; medium: number; high: number; critical: number; }'.
  No index signature with a parameter of type 'string' was found on type '{ none: number; low: number; medium: number; high: number; critical: number; }'.
src/hooks/useCrisisStressTesting.tsx(143,49): error TS18046: 'error' is of type 'unknown'.
src/hooks/useCrisisStressTesting.tsx(185,51): error TS18046: 'error' is of type 'unknown'.
src/hooks/useCulturalCrisisDetection.ts(165,20): error TS2339: Property 'hasCrisisIndicators' does not exist on type 'CulturalCrisisAnalysisResult'.
src/hooks/useCulturalCrisisDetection.ts(244,27): error TS2339: Property 'realTimeRisk' does not exist on type 'CulturalCrisisAnalysisResult'.
src/hooks/useCulturalCrisisDetection.ts(245,17): error TS7006: Parameter 'i' implicitly has an 'any' type.
src/hooks/useCulturalCrisisDetection.ts(246,14): error TS7006: Parameter 'i' implicitly has an 'any' type.
src/hooks/useCulturalCrisisDetection.ts(270,49): error TS6133: 'culturalRegion' is declared but its value is never read.
src/hooks/useEnhancedCrisisDetection.ts(17,3): error TS2614: Module '"../services/enhancedAiCrisisDetectionService"' has no exported member 'EmotionalState'. Did you mean to use 'import EmotionalState from "../services/enhancedAiCrisisDetectionService"' instead?
src/hooks/useEnhancedCrisisDetection.ts(124,9): error TS2554: Expected 1-2 arguments, but got 4.
src/hooks/useEnhancedCrisisDetection.ts(133,76): error TS2339: Property 'emotionalState' does not exist on type 'MLCrisisAnalysisResult'.
src/hooks/useEnhancedCrisisDetection.ts(137,69): error TS2339: Property 'realTimeRisk' does not exist on type 'MLCrisisAnalysisResult'.
src/hooks/useEnhancedCrisisDetection.ts(150,43): error TS2339: Property 'realTimeRisk' does not exist on type 'MLCrisisAnalysisResult'.
src/hooks/useEnhancedCrisisDetection.ts(150,85): error TS7006: Parameter 'i' implicitly has an 'any' type.
src/hooks/useEnhancedCrisisDetection.ts(153,49): error TS2339: Property 'getModelMetrics' does not exist on type 'EnhancedAICrisisDetectionService'.
src/hooks/useEnhancedCrisisDetection.ts(154,32): error TS2551: Property 'mlConfidence' does not exist on type 'MLCrisisAnalysisResult'. Did you mean 'confidence'?
src/hooks/useEnhancedCrisisDetection.ts(160,18): error TS2339: Property 'hasCrisisIndicators' does not exist on type 'MLCrisisAnalysisResult'.
src/hooks/useEnhancedCrisisDetection.ts(165,34): error TS2339: Property 'realTimeRisk' does not exist on type 'MLCrisisAnalysisResult'.
src/hooks/useEnhancedCrisisDetection.ts(172,18): error TS2339: Property 'realTimeRisk' does not exist on type 'MLCrisisAnalysisResult'.
src/hooks/useEnhancedCrisisDetection.ts(173,42): error TS2339: Property 'realTimeRisk' does not exist on type 'MLCrisisAnalysisResult'.
src/hooks/useEnhancedCrisisDetection.ts(173,84): error TS7006: Parameter 'i' implicitly has an 'any' type.
src/hooks/useEnhancedCrisisDetection.ts(229,30): error TS2339: Property 'realTimeRisk' does not exist on type 'MLCrisisAnalysisResult'.
src/hooks/useEnhancedCrisisDetection.ts(232,16): error TS2339: Property 'realTimeRisk' does not exist on type 'MLCrisisAnalysisResult'.
src/hooks/useEnhancedCrisisDetection.ts(247,30): error TS2339: Property 'emotionalState' does not exist on type 'MLCrisisAnalysisResult'.
src/hooks/useEnhancedCrisisDetection.ts(249,29): error TS2339: Property 'realTimeRisk' does not exist on type 'MLCrisisAnalysisResult'.
src/hooks/useEnhancedCrisisDetection.ts(249,71): error TS7006: Parameter 'i' implicitly has an 'any' type.
src/hooks/useEnhancedCrisisDetection.ts(250,33): error TS2339: Property 'biasAdjustments' does not exist on type 'MLCrisisAnalysisResult'.
src/hooks/useEnhancedCrisisDetection.ts(333,13): error TS2339: Property 'realTimeRisk' does not exist on type 'MLCrisisAnalysisResult'.
src/hooks/useEnhancedCrisisDetection.ts(336,15): error TS7006: Parameter 'intervention' implicitly has an 'any' type.
src/hooks/useEnhancedCrisisDetection.ts(337,14): error TS7006: Parameter 'a' implicitly has an 'any' type.
src/hooks/useEnhancedCrisisDetection.ts(337,17): error TS7006: Parameter 'b' implicitly has an 'any' type.
src/hooks/useEnhancedCrisisDetection.ts(389,46): error TS2339: Property 'hasCrisisIndicators' does not exist on type 'MLCrisisAnalysisResult'.
src/hooks/useEnhancedCrisisDetection.ts(390,43): error TS2339: Property 'realTimeRisk' does not exist on type 'MLCrisisAnalysisResult'.
src/hooks/useEnhancedCrisisDetection.ts(391,48): error TS2339: Property 'emotionalState' does not exist on type 'MLCrisisAnalysisResult'.
src/hooks/useEnhancedCrisisDetection.ts(392,46): error TS2339: Property 'realTimeRisk' does not exist on type 'MLCrisisAnalysisResult'.
src/hooks/useEnhancedCrisisDetection.ts(394,39): error TS2551: Property 'mlConfidence' does not exist on type 'MLCrisisAnalysisResult'. Did you mean 'confidence'?
src/hooks/useIntelligentCaching.tsx(14,11): error TS2430: Interface 'ExtendedNavigator' incorrectly extends interface 'Navigator'.
  Types of property 'connection' are incompatible.
    Type '{ effectiveType: string; downlink: number; rtt: number; } | undefined' is not assignable to type 'NavigatorConnection | undefined'.
      Type '{ effectiveType: string; downlink: number; rtt: number; }' is missing the following properties from type 'NavigatorConnection': addEventListener, dispatchEvent, removeEventListener
src/hooks/useLazyStyles.test.ts(206,64): error TS6133: 'callback' is declared but its value is never read.
src/hooks/useMobileForm.ts(41,5): error TS6133: 'validateOnChange' is declared but its value is never read.
src/hooks/useMobileForm.ts(42,5): error TS6133: 'validateOnBlur' is declared but its value is never read.
src/hooks/usePerformanceMonitor.ts(9,1): error TS6133: 'useSafeLocation' is declared but its value is never read.
src/hooks/usePerformanceMonitor.ts(65,5): error TS6133: 'enableMobileOptimization' is declared but its value is never read.
src/hooks/usePerformanceMonitor.ts(73,16): error TS2552: Cannot find name 'useLocation'. Did you mean 'location'?
src/hooks/useServiceWorker.ts(9,51): error TS2307: Cannot find module '../services/serviceWorkerManager' or its corresponding type declarations.
src/service-worker/intelligentCaching.ts(325,33): error TS6133: 'request' is declared but its value is never read.
src/services/accessibilityAuditSystem.ts(174,11): error TS6133: 'tabOrder' is declared but its value is never read.
src/services/accessibilityAuditSystem.ts(182,11): error TS6133: 'isVisible' is declared but its value is never read.
src/services/accessibilityAuditSystem.ts(335,11): error TS6133: 'getElementSelector' is declared but its value is never read.
src/services/accessibilityAuditSystem.ts(341,11): error TS6133: 'generateElementId' is declared but its value is never read.
src/services/astralTetherService.ts(118,11): error TS6133: 'panicButtonPressCount' is declared but its value is never read.
src/services/astralTetherService.ts(119,11): error TS6133: 'panicButtonTimer' is declared but its value is never read.
src/services/cacheStrategyCoordinator.ts(136,39): error TS6133: 'request' is declared but its value is never read.
src/services/cacheStrategyCoordinator.ts(267,39): error TS6133: 'request' is declared but its value is never read.
src/services/cacheStrategyCoordinator.ts(307,17): error TS6133: 'name' is declared but its value is never read.
src/services/cacheStrategyCoordinator.ts(339,19): error TS6133: 'name' is declared but its value is never read.
src/services/cacheStrategyCoordinator.ts(448,19): error TS6133: 'name' is declared but its value is never read.
src/services/cacheStrategyCoordinator.ts(587,68): error TS6133: 'options' is declared but its value is never read.
src/services/cacheStrategyCoordinator.ts(632,78): error TS6133: 'options' is declared but its value is never read.
src/services/comprehensivePerformanceMonitor.ts(721,59): error TS6133: 'value' is declared but its value is never read.
src/services/coreWebVitalsService.ts(58,11): error TS6133: 'isMonitoring' is declared but its value is never read.
src/services/crisisDetectionIntegrationService.ts(101,16): error TS18046: 'error' is of type 'unknown'.
src/services/crisisDetectionService.ts(90,11): error TS6133: 'protectiveFactors' is declared but its value is never read.
src/services/crisisEscalationWorkflowService.ts(336,5): error TS6133: 'urgencyLevel' is declared but its value is never read.
src/services/crisisEscalationWorkflowService.ts(533,38): error TS18046: 'error' is of type 'unknown'.
src/services/crisisEscalationWorkflowService.ts(585,40): error TS18046: 'error' is of type 'unknown'.
src/services/crisisEscalationWorkflowService.ts(587,53): error TS18046: 'error' is of type 'unknown'.
src/services/crisisEscalationWorkflowService.ts(648,5): error TS6133: 'action' is declared but its value is never read.
src/services/crisisEscalationWorkflowService.ts(650,5): error TS6133: 'tier' is declared but its value is never read.
src/services/crisisEscalationWorkflowService.ts(671,5): error TS6133: 'action' is declared but its value is never read.
src/services/crisisEscalationWorkflowService.ts(692,5): error TS6133: 'action' is declared but its value is never read.
src/services/crisisEscalationWorkflowService.ts(704,5): error TS6133: 'action' is declared but its value is never read.
src/services/crisisEscalationWorkflowService.ts(706,5): error TS6133: 'tier' is declared but its value is never read.
src/services/crisisEscalationWorkflowService.ts(720,5): error TS6133: 'action' is declared but its value is never read.
src/services/crisisEscalationWorkflowService.ts(739,5): error TS6133: 'action' is declared but its value is never read.
src/services/crisisEscalationWorkflowService.ts(816,40): error TS6133: 'action' is declared but its value is never read.
src/services/crisisEscalationWorkflowService.ts(1145,41): error TS6133: 'analysis' is declared but its value is never read.
src/services/crisisEscalationWorkflowService.ts(1154,36): error TS6133: 'analysis' is declared but its value is never read.
src/services/crisisEscalationWorkflowService.ts(1164,35): error TS6133: 'request' is declared but its value is never read.
src/services/crisisEscalationWorkflowService.ts(1178,42): error TS6133: 'userId' is declared but its value is never read.
src/services/crisisStressTestingSystem.ts(196,11): error TS6133: 'isTestingActive' is declared but its value is never read.
src/services/crisisStressTestingSystem.ts(243,43): error TS18046: 'error' is of type 'unknown'.
src/services/crisisStressTestingSystem.ts(321,51): error TS18046: 'error' is of type 'unknown'.
src/services/crisisStressTestingSystem.ts(372,72): error TS18046: 'error' is of type 'unknown'.
src/services/crisisStressTestingSystem.ts(400,66): error TS18046: 'error' is of type 'unknown'.
src/services/crisisStressTestingSystem.ts(444,70): error TS18046: 'error' is of type 'unknown'.
src/services/crisisStressTestingSystem.ts(451,5): error TS6133: 'scenario' is declared but its value is never read.
src/services/crisisStressTestingSystem.ts(489,70): error TS18046: 'error' is of type 'unknown'.
src/services/crisisStressTestingSystem.ts(532,70): error TS18046: 'error' is of type 'unknown'.
src/services/crisisStressTestingSystem.ts(539,5): error TS6133: 'scenario' is declared but its value is never read.
src/services/crisisStressTestingSystem.ts(574,66): error TS18046: 'error' is of type 'unknown'.
src/services/crisisStressTestingSystem.ts(581,5): error TS6133: 'scenario' is declared but its value is never read.
src/services/crisisStressTestingSystem.ts(630,76): error TS18046: 'error' is of type 'unknown'.
src/services/crisisStressTestingSystem.ts(731,39): error TS6133: 'expectedFallback' is declared but its value is never read.
src/services/crisisStressTestingSystem.ts(858,33): error TS6133: 'endpoint' is declared but its value is never read.
src/services/crisisStressTestingSystem.ts(858,51): error TS6133: 'options' is declared but its value is never read.
src/services/crisisStressTestingSystem.ts(871,47): error TS6133: 'alertId' is declared but its value is never read.
src/services/crisisStressTestingSystem.ts(887,38): error TS6133: 'sessionId' is declared but its value is never read.
src/services/crisisStressTestingSystem.ts(902,36): error TS6133: 'sessionId' is declared but its value is never read.
src/services/crisisStressTestingSystem.ts(987,44): error TS6133: 'method' is declared but its value is never read.
src/services/crisisStressTestingSystem.ts(1002,43): error TS6133: 'failoverTest' is declared but its value is never read.
src/services/crisisStressTestingSystem.ts(1090,34): error TS6133: 'scenario' is declared but its value is never read.
src/services/crisisStressTestingSystem.ts(1102,65): error TS6133: 'config' is declared but its value is never read.
src/services/crisisStressTestingSystem.ts(1128,44): error TS6133: 'component' is declared but its value is never read.
src/services/culturalAssessmentService.ts(91,20): error TS6133: 'MIN_CULTURAL_COHORT_SIZE' is declared but its value is never read.
src/services/culturalAssessmentService.ts(554,43): error TS6133: 'expressions' is declared but its value is never read.
src/services/culturalAssessmentService.ts(554,84): error TS6133: 'languageCode' is declared but its value is never read.
src/services/culturalAssessmentService.ts(578,5): error TS6133: 'expressions' is declared but its value is never read.
src/services/culturalAssessmentService.ts(579,5): error TS6133: 'languageCode' is declared but its value is never read.
src/services/culturalAssessmentService.ts(649,32): error TS6133: 'answers' is declared but its value is never read.
src/services/culturalAssessmentService.ts(658,45): error TS6133: 'answers' is declared but its value is never read.
src/services/culturalAssessmentService.ts(666,37): error TS6133: 'assessmentType' is declared but its value is never read.
src/services/culturalAssessmentService.ts(675,5): error TS6133: 'contextInfo' is declared but its value is never read.
src/services/culturalAssessmentService.ts(703,5): error TS6133: 'culturalAdjustments' is declared but its value is never read.
src/services/culturalAssessmentService.ts(754,5): error TS6133: 'culturalAdjustments' is declared but its value is never read.
src/services/culturalAssessmentService.ts(808,5): error TS6133: 'severity' is declared but its value is never read.
src/services/culturalAssessmentService.ts(835,32): error TS6133: 'culturalGroup' is declared but its value is never read.
src/services/culturalAssessmentService.ts(858,5): error TS6133: 'severity' is declared but its value is never read.
src/services/culturalAssessmentService.ts(886,37): error TS6133: 'answers' is declared but its value is never read.
src/services/culturalAssessmentService.ts(886,56): error TS6133: 'culturalContext' is declared but its value is never read.
src/services/culturalCrisisDetectionService.ts(356,7): error TS2554: Expected 1-2 arguments, but got 4.
src/services/culturalCrisisDetectionService.ts(380,20): error TS2339: Property 'realTimeRisk' does not exist on type 'MLCrisisAnalysisResult'.
src/services/culturalCrisisDetectionService.ts(409,7): error TS2353: Object literal may only specify known properties, and 'biasAdjustments' does not exist in type 'CulturalCrisisAnalysisResult'.
src/services/culturalCrisisDetectionService.ts(410,25): error TS2339: Property 'biasAdjustments' does not exist on type 'MLCrisisAnalysisResult'.
src/services/culturalCrisisDetectionService.ts(484,5): error TS6133: 'baseAnalysis' is declared but its value is never read.
src/services/culturalCrisisDetectionService.ts(560,5): error TS6133: 'cultureInfo' is declared but its value is never read.
src/services/culturalCrisisDetectionService.ts(597,5): error TS6133: 'analysis' is declared but its value is never read.
src/services/culturalCrisisDetectionService.ts(737,26): error TS2339: Property 'languageCode' does not exist on type 'CulturalCrisisAnalysisResult'.
src/services/culturalCrisisDetectionService.ts(754,28): error TS6133: 'culturalRegion' is declared but its value is never read.
src/services/culturalFamilySupportService.ts(403,11): error TS6133: 'guidance' is declared but its value is never read.
src/services/culturalFamilySupportService.ts(534,5): error TS6133: 'crisisDetails' is declared but its value is never read.
src/services/culturalFamilySupportService.ts(734,17): error TS6133: 'hashUserId' is declared but its value is never read.
src/services/culturalFamilySupportService.ts(779,42): error TS6133: 'notifications' is declared but its value is never read.
src/services/dataExportService.ts(457,21): error TS2686: 'React' refers to a UMD global, but the current file is a module. Consider adding an import instead.
src/services/dataExportService.ts(458,41): error TS2686: 'React' refers to a UMD global, but the current file is a module. Consider adding an import instead.
src/services/dataExportService.ts(460,22): error TS2686: 'React' refers to a UMD global, but the current file is a module. Consider adding an import instead.
src/services/dataExportService.ts(469,39): error TS18046: 'error' is of type 'unknown'.
src/services/dataExportService.ts(475,25): error TS2686: 'React' refers to a UMD global, but the current file is a module. Consider adding an import instead.
src/services/dataExportService.ts(479,26): error TS2686: 'React' refers to a UMD global, but the current file is a module. Consider adding an import instead.
src/services/dataExportService.ts(483,28): error TS2686: 'React' refers to a UMD global, but the current file is a module. Consider adding an import instead.
src/services/dataMigrationService.ts(72,66): error TS6133: 'options' is declared but its value is never read.
src/services/demoDataService.ts(16,5): error TS6133: 'ForumPost' is declared but its value is never read.
src/services/demoDataService.ts(18,5): error TS6133: 'ChatMessage' is declared but its value is never read.
src/services/demoDataService.ts(20,5): error TS6133: 'AIChatMessage' is declared but its value is never read.
src/services/demoDataService.ts(23,5): error TS6133: 'UserStatus' is declared but its value is never read.
src/services/demoDataService.ts(25,5): error TS6133: 'SafetyPlan' is declared but its value is never read.
src/services/demoDataService.ts(26,5): error TS6133: 'WellnessVideo' is declared but its value is never read.
src/services/demoDataService.ts(27,5): error TS6133: 'HabitCompletion' is declared but its value is never read.
src/services/demoDataService.ts(28,5): error TS6133: 'Habit' is declared but its value is never read.
src/services/enhancedCrisisDetectionIntegrationService.ts(124,25): error TS2554: Expected 1-2 arguments, but got 4.
src/services/enhancedCrisisDetectionIntegrationService.ts(180,18): error TS2339: Property 'severityLevel' does not exist on type 'MLCrisisAnalysisResult'.
src/services/enhancedCrisisDetectionIntegrationService.ts(181,25): error TS2339: Property 'severityLevel' does not exist on type 'CulturalCrisisAnalysisResult'.
src/services/enhancedCrisisDetectionIntegrationService.ts(205,18): error TS2339: Property 'emergencyServices' does not exist on type 'MLCrisisAnalysisResult'.
src/services/enhancedCrisisDetectionIntegrationService.ts(305,19): error TS2339: Property 'realTimeRisk' does not exist on type 'MLCrisisAnalysisResult'.
src/services/enhancedCrisisDetectionIntegrationService.ts(314,19): error TS2339: Property 'realTimeRisk' does not exist on type 'MLCrisisAnalysisResult'.
src/services/enhancedCrisisDetectionIntegrationService.ts(320,19): error TS2339: Property 'realTimeRisk' does not exist on type 'MLCrisisAnalysisResult'.
src/services/enhancedCrisisDetectionIntegrationService.ts(327,18): error TS2339: Property 'realTimeRisk' does not exist on type 'MLCrisisAnalysisResult'.
src/services/enhancedCrisisDetectionIntegrationService.ts(396,37): error TS2551: Property 'mlConfidence' does not exist on type 'MLCrisisAnalysisResult'. Did you mean 'confidence'?
src/services/enhancedCrisisDetectionIntegrationService.ts(439,16): error TS2339: Property 'realTimeRisk' does not exist on type 'MLCrisisAnalysisResult'.
src/services/enhancedCrisisDetectionIntegrationService.ts(439,62): error TS7006: Parameter 'rec' implicitly has an 'any' type.
src/services/enhancedCrisisDetectionIntegrationService.ts(463,32): error TS2551: Property 'mlConfidence' does not exist on type 'MLCrisisAnalysisResult'. Did you mean 'confidence'?
src/services/enhancedCrisisDetectionIntegrationService.ts(501,5): error TS6133: 'culturalAnalysis' is declared but its value is never read.
src/services/enhancedCrisisDetectionIntegrationService.ts(509,34): error TS2339: Property 'emotionalState' does not exist on type 'MLCrisisAnalysisResult'.
src/services/enhancedCrisisDetectionIntegrationService.ts(558,16): error TS2339: Property 'analysisDetails' does not exist on type 'MLCrisisAnalysisResult'.
src/services/enhancedCrisisDetectionIntegrationService.ts(558,58): error TS7006: Parameter 'keyword' implicitly has an 'any' type.
src/services/enhancedCrisisDetectionIntegrationService.ts(618,16): error TS2339: Property 'protectiveFactors' does not exist on type 'MLCrisisAnalysisResult'.
src/services/enhancedCrisisDetectionIntegrationService.ts(618,42): error TS7006: Parameter 'factor' implicitly has an 'any' type.
src/services/enhancedCrisisDetectionIntegrationService.ts(623,27): error TS2339: Property 'protectiveFactors' does not exist on type 'CulturalCrisisAnalysisResult'.
src/services/enhancedCrisisDetectionIntegrationService.ts(624,24): error TS2339: Property 'protectiveFactors' does not exist on type 'CulturalCrisisAnalysisResult'.
src/services/enhancedCrisisDetectionIntegrationService.ts(624,50): error TS7006: Parameter 'factor' implicitly has an 'any' type.
src/services/enhancedCrisisDetectionIntegrationService.ts(680,20): error TS2339: Property 'emergencyServices' does not exist on type 'MLCrisisAnalysisResult'.
src/services/enhancedCrisisDetectionIntegrationService.ts(684,20): error TS2339: Property 'realTimeRisk' does not exist on type 'MLCrisisAnalysisResult'.
src/services/enhancedCrisisDetectionIntegrationService.ts(715,32): error TS6133: 'text' is declared but its value is never read.
src/services/enhancedCrisisDetectionIntegrationService.ts(892,65): error TS2339: Property 'emergencyServices' does not exist on type 'MLCrisisAnalysisResult'.
src/services/enhancedCrisisDetectionIntegrationService.ts(915,5): error TS6133: 'aiAnalysis' is declared but its value is never read.
src/services/enhancedCrisisDetectionIntegrationService.ts(946,11): error TS6133: 'mapInterventionUrgencyToEscalationUrgency' is declared but its value is never read.
src/services/enhancedCrisisKeywordDetectionService.ts(129,20): error TS6133: 'emergencyThreshold' is declared but its value is never read.
src/services/enhancedCrisisKeywordDetectionService.ts(332,5): error TS6133: 'userId' is declared but its value is never read.
src/services/enhancedCrisisKeywordDetectionService.ts(333,5): error TS6133: 'culturalContext' is declared but its value is never read.
src/services/enhancedCrisisKeywordDetectionService.ts(334,5): error TS6133: 'languageCode' is declared but its value is never read.
src/services/enhancedCrisisKeywordDetectionService.ts(555,5): error TS6133: 'keywordMatches' is declared but its value is never read.
src/services/enhancedCrisisKeywordDetectionService.ts(556,5): error TS6133: 'emotionalIndicators' is declared but its value is never read.
src/services/enhancedCrisisKeywordDetectionService.ts(637,5): error TS6133: 'keyword' is declared but its value is never read.
src/services/enhancedCrisisKeywordDetectionService.ts(747,5): error TS6133: 'keywordMatches' is declared but its value is never read.
src/services/enhancedCrisisKeywordDetectionService.ts(748,5): error TS6133: 'contextualPatterns' is declared but its value is never read.
src/services/enhancedCrisisKeywordDetectionService.ts(831,32): error TS6133: 'text' is declared but its value is never read.
src/services/enhancedOfflineService.ts(74,11): error TS6133: 'offlineResources' is declared but its value is never read.
src/services/enhancedOfflineService.ts(336,41): error TS6133: 'language' is declared but its value is never read.
src/services/enhancedOfflineService.ts(461,18): error TS7053: Element implicitly has an 'any' type because expression of type 'any' can't be used to index type '{ critical: number; high: number; medium: number; low: number; }'.
src/services/enhancedOfflineService.ts(461,46): error TS7053: Element implicitly has an 'any' type because expression of type 'any' can't be used to index type '{ critical: number; high: number; medium: number; low: number; }'.
src/services/enhancedOfflineService.ts(485,9): error TS2554: Expected 1-2 arguments, but got 3.
src/services/enhancedOfflineService.ts(492,18): error TS2339: Property 'realTimeRisk' does not exist on type 'MLCrisisAnalysisResult'.
src/services/enhancedOfflineService.ts(497,20): error TS2339: Property 'realTimeRisk' does not exist on type 'MLCrisisAnalysisResult'.
src/services/enhancedOfflineService.ts(499,27): error TS2339: Property 'realTimeRisk' does not exist on type 'MLCrisisAnalysisResult'.
src/services/enhancedOfflineService.ts(504,28): error TS2339: Property 'realTimeRisk' does not exist on type 'MLCrisisAnalysisResult'.
src/services/enhancedOfflineService.ts(602,57): error TS6133: 'culturalContext' is declared but its value is never read.
src/services/enhancedOfflineService.ts(608,51): error TS6133: 'culturalContext' is declared but its value is never read.
src/services/enhancedOfflineService.ts(613,49): error TS6133: 'culturalContext' is declared but its value is never read.
src/services/enhancedOfflineService.ts(613,74): error TS6133: 'contextInfo' is declared but its value is never read.
src/services/enhancedOfflineService.ts(618,50): error TS6133: 'culturalContext' is declared but its value is never read.
src/services/errorTrackingService.ts(343,19): error TS2339: Property 'startTransaction' does not exist on type 'typeof import("C:/Astral Projects/Astral-Projects/_Repos/C/astralcore/node_modules/@sentry/react/build/types/index")'.
src/services/errorTrackingService.ts(355,30): error TS2339: Property 'startTransaction' does not exist on type 'typeof import("C:/Astral Projects/Astral-Projects/_Repos/C/astralcore/node_modules/@sentry/react/build/types/index")'.
src/services/gamificationService.ts(348,16): error TS2339: Property 'showToast' does not exist on type 'Window & typeof globalThis'.
src/services/gamificationService.ts(349,14): error TS2339: Property 'showToast' does not exist on type 'Window & typeof globalThis'.
src/services/gamificationService.ts(361,16): error TS2339: Property 'showToast' does not exist on type 'Window & typeof globalThis'.
src/services/gamificationService.ts(362,14): error TS2339: Property 'showToast' does not exist on type 'Window & typeof globalThis'.
src/services/gamificationService.ts(445,21): error TS2686: 'React' refers to a UMD global, but the current file is a module. Consider adding an import instead.
src/services/gamificationService.ts(446,29): error TS2686: 'React' refers to a UMD global, but the current file is a module. Consider adding an import instead.
src/services/gamificationService.ts(448,3): error TS2686: 'React' refers to a UMD global, but the current file is a module. Consider adding an import instead.
src/services/intelligentCachingService.ts(488,33): error TS6133: 'operation' is declared but its value is never read.
src/services/intelligentCachingService.ts(488,70): error TS6133: 'details' is declared but its value is never read.
src/services/intelligentPreloading.ts(55,11): error TS6133: 'userJourneys' is declared but its value is never read.
src/services/intelligentPreloading.ts(58,11): error TS6133: 'preloadQueue' is declared but its value is never read.
src/services/intelligentPreloading.ts(60,11): error TS6133: 'behaviorPatterns' is declared but its value is never read.
src/services/intelligentPreloading.ts(698,5): error TS6133: 'emotionalContext' is declared but its value is never read.
src/services/intelligentPreloading.ts(942,34): error TS6133: 'route' is declared but its value is never read.
src/services/intelligentPreloading.ts(942,49): error TS6133: 'timeSpent' is declared but its value is never read.
src/services/intelligentPreloading.ts(942,68): error TS6133: 'emotionalContext' is declared but its value is never read.
src/services/intelligentPreloading.ts(945,33): error TS6133: 'context' is declared but its value is never read.
src/services/intelligentPreloading.ts(945,47): error TS6133: 'pattern' is declared but its value is never read.
src/services/intelligentPreloading.ts(946,30): error TS6133: 'resource' is declared but its value is never read.
src/services/intelligentPreloading.ts(949,33): error TS6133: 'route' is declared but its value is never read.
src/services/intelligentPreloading.ts(960,52): error TS6133: 'dayOfWeek' is declared but its value is never read.
src/services/intelligentPreloading.ts(969,29): error TS6133: 'resource' is declared but its value is never read.
src/services/intelligentPreloading.ts(969,47): error TS6133: 'timeOfDay' is declared but its value is never read.
src/services/intelligentPreloading.ts(970,36): error TS6133: 'prediction' is declared but its value is never read.
src/services/intelligentPreloading.ts(970,67): error TS6133: 'success' is declared but its value is never read.
src/services/mobileNetworkService.ts(342,26): error TS2339: Property 'getConnection' does not exist on type 'MobileNetworkService'.
src/services/mobileNetworkService.ts(345,26): error TS2339: Property 'getAdaptiveStrategy' does not exist on type 'MobileNetworkService'.
src/services/mobileNetworkService.ts(351,40): error TS2339: Property 'getAdaptiveStrategy' does not exist on type 'MobileNetworkService'.
src/services/moodAnalysisService.ts(293,5): error TS6133: 'userPreferences' is declared but its value is never read.
src/services/moodAnalysisService.ts(382,11): error TS6133: 'triggers' is declared but its value is never read.
src/services/multilingualCrisisDetectionService.ts(373,5): error TS6133: 'language' is declared but its value is never read.
src/services/optimizedAIService.ts(48,35): error TS7016: Could not find a declaration file for module 'sentiment'. 'C:/Astral Projects/Astral-Projects/_Repos/C/astralcore/node_modules/sentiment/lib/index.js' implicitly has an 'any' type.
  Try `npm i --save-dev @types/sentiment` if it exists or add a new declaration (.d.ts) file containing `declare module 'sentiment';`
src/services/optimizedAIService.ts(115,22): error TS18046: 'error' is of type 'unknown'.
src/services/optimizedAIService.ts(123,74): error TS6133: 'originalText' is declared but its value is never read.
src/services/peerSupportNetworkService.ts(413,32): error TS2339: Property 'realTimeRisk' does not exist on type 'MLCrisisAnalysisResult'.
src/services/privacyPreservingAnalyticsService.ts(68,20): error TS6133: 'DELTA' is declared but its value is never read.
src/services/privacyPreservingAnalyticsService.ts(74,11): error TS6133: 'encryptionKey' is declared but its value is never read.
src/services/safetyPlanRemindersService.ts(514,42): error TS6133: 'userId' is declared but its value is never read.
src/services/safetyPlanRemindersService.ts(514,84): error TS6133: 'userContext' is declared but its value is never read.
src/services/safetyPlanRemindersService.ts(552,75): error TS6133: 'config' is declared but its value is never read.
src/services/safetyPlanRemindersService.ts(560,63): error TS6133: 'riskFactors' is declared but its value is never read.
src/services/safetyPlanRemindersService.ts(560,81): error TS6133: 'config' is declared but its value is never read.
src/services/safetyPlanRemindersService.ts(712,55): error TS6133: 'userContext' is declared but its value is never read.
src/services/safetyPlanRemindersService.ts(718,41): error TS6133: 'reminder' is declared but its value is never read.
src/services/safetyPlanRemindersService.ts(798,72): error TS6133: 'response' is declared but its value is never read.
src/services/safetyPlanRemindersService.ts(815,70): error TS6133: 'config' is declared but its value is never read.
src/services/secureStorageService.ts(323,39): error TS6133: 'key' is declared but its value is never read.
src/services/securityService.ts(153,11): error TS6133: 'allowedTags' is declared but its value is never read.
src/services/securityService.ts(154,11): error TS6133: 'allowedAttributes' is declared but its value is never read.
src/services/securityService.ts(311,11): error TS7034: Variable 'profanityWords' implicitly has type 'any[]' in some locations where its type cannot be determined.
src/services/securityService.ts(316,12): error TS7005: Variable 'profanityWords' implicitly has an 'any[]' type.
src/services/securityService.ts(404,21): error TS2686: 'React' refers to a UMD global, but the current file is a module. Consider adding an import instead.
src/services/securityService.ts(406,3): error TS2686: 'React' refers to a UMD global, but the current file is a module. Consider adding an import instead.
src/services/webAuthService.ts(47,29): error TS6133: 'config' is declared but its value is never read.
src/services/websocketService.ts(252,21): error TS2686: 'React' refers to a UMD global, but the current file is a module. Consider adding an import instead.
src/services/websocketService.ts(253,41): error TS2686: 'React' refers to a UMD global, but the current file is a module. Consider adding an import instead.
src/services/websocketService.ts(255,3): error TS2686: 'React' refers to a UMD global, but the current file is a module. Consider adding an import instead.
src/services/websocketService.ts(268,35): error TS2686: 'React' refers to a UMD global, but the current file is a module. Consider adding an import instead.
src/services/websocketService.ts(269,41): error TS2686: 'React' refers to a UMD global, but the current file is a module. Consider adding an import instead.
src/services/websocketService.ts(271,3): error TS2686: 'React' refers to a UMD global, but the current file is a module. Consider adding an import instead.
src/services/websocketService.ts(275,19): error TS2339: Property 'roomId' does not exist on type 'ChatMessage'.
src/services/websocketService.ts(297,23): error TS2686: 'React' refers to a UMD global, but the current file is a module. Consider adding an import instead.
src/services/websocketService.ts(301,23): error TS2686: 'React' refers to a UMD global, but the current file is a module. Consider adding an import instead.
src/services/websocketService.ts(305,22): error TS2686: 'React' refers to a UMD global, but the current file is a module. Consider adding an import instead.
src/stores/chatStore.ts(57,11): error TS2345: Argument of type '(state: ChatState) => { chatSessions: { [x: string]: ChatSession | { dilemmaId: string; messages: ChatMessage[]; unread: false; isTyping: false; perspective: "seeker" | "helper"; helpSessionId: string | undefined; helper: Helper | ... 1 more ... | undefined; }; }; activeChatId: string; }' is not assignable to parameter of type 'ChatState | Partial<ChatState> | ((state: ChatState) => ChatState | Partial<ChatState>)'.
  Type '(state: ChatState) => { chatSessions: { [x: string]: ChatSession | { dilemmaId: string; messages: ChatMessage[]; unread: false; isTyping: false; perspective: "seeker" | "helper"; helpSessionId: string | undefined; helper: Helper | ... 1 more ... | undefined; }; }; activeChatId: string; }' is not assignable to type '(state: ChatState) => ChatState | Partial<ChatState>'.
    Type '{ chatSessions: { [x: string]: ChatSession | { dilemmaId: string; messages: ChatMessage[]; unread: false; isTyping: false; perspective: "seeker" | "helper"; helpSessionId: string | undefined; helper: Helper | ... 1 more ... | undefined; }; }; activeChatId: string; }' is not assignable to type 'ChatState | Partial<ChatState>'.
      Type '{ chatSessions: { [x: string]: ChatSession | { dilemmaId: string; messages: ChatMessage[]; unread: false; isTyping: false; perspective: "seeker" | "helper"; helpSessionId: string | undefined; helper: Helper | ... 1 more ... | undefined; }; }; activeChatId: string; }' is not assignable to type 'Partial<ChatState>'.
        Types of property 'chatSessions' are incompatible.
          Type '{ [x: string]: ChatSession | { dilemmaId: string; messages: ChatMessage[]; unread: false; isTyping: false; perspective: "seeker" | "helper"; helpSessionId: string | undefined; helper: Helper | ... 1 more ... | undefined; }; }' is not assignable to type 'Record<string, ChatSession>'.
            'string' index signatures are incompatible.
              Type 'ChatSession | { dilemmaId: string; messages: ChatMessage[]; unread: false; isTyping: false; perspective: "seeker" | "helper"; helpSessionId: string | undefined; helper: Helper | ... 1 more ... | undefined; }' is not assignable to type 'ChatSession'.
                Type '{ dilemmaId: string; messages: ChatMessage[]; unread: false; isTyping: false; perspective: "seeker" | "helper"; helpSessionId: string | undefined; helper: Helper | null | undefined; }' is not assignable to type 'ChatSession'.
                  Types of property 'helper' are incompatible.
                    Type 'Helper | null | undefined' is not assignable to type 'Helper | undefined'.
                      Type 'null' is not assignable to type 'Helper | undefined'.
src/stores/dilemmaStore.ts(2,19): error TS6133: 'Helper' is declared but its value is never read.
src/stores/dilemmaStore.ts(2,39): error TS6133: 'HelpSession' is declared but its value is never read.
src/stores/dilemmaStore.ts(2,52): error TS6133: 'Achievement' is declared but its value is never read.
src/stores/dilemmaStore.ts(6,1): error TS6133: 'useSessionStore' is declared but its value is never read.
src/stores/dilemmaStore.ts(221,21): error TS2322: Type 'null' is not assignable to type 'string | undefined'.
src/stores/dilemmaStore.ts(223,21): error TS2322: Type 'null' is not assignable to type 'string | undefined'.
src/stores/dilemmaStore.ts(225,21): error TS2322: Type 'null' is not assignable to type 'string | undefined'.
src/stores/dilemmaStore.ts(229,25): error TS2353: Object literal may only specify known properties, and 'flagged' does not exist in type '{ action: "removed" | "dismissed"; timestamp: string; moderatorId: string; }'.
src/stores/dilemmaStore.ts(245,21): error TS2322: Type 'null' is not assignable to type 'string | undefined'.
src/stores/dilemmaStore.ts(247,21): error TS2322: Type 'null' is not assignable to type 'string | undefined'.
src/stores/dilemmaStore.ts(249,21): error TS2322: Type 'null' is not assignable to type 'string | undefined'.
src/stores/dilemmaStore.ts(253,25): error TS2353: Object literal may only specify known properties, and 'flagged' does not exist in type '{ action: "removed" | "dismissed"; timestamp: string; moderatorId: string; }'.
src/stores/dilemmaStore.ts(269,21): error TS2322: Type 'null' is not assignable to type 'string | undefined'.
src/stores/dilemmaStore.ts(271,21): error TS2322: Type 'null' is not assignable to type 'string | undefined'.
src/stores/dilemmaStore.ts(273,21): error TS2322: Type 'null' is not assignable to type 'string | undefined'.
src/stores/dilemmaStore.ts(277,25): error TS2353: Object literal may only specify known properties, and 'flagged' does not exist in type '{ action: "removed" | "dismissed"; timestamp: string; moderatorId: string; }'.
src/stores/dilemmaStore.ts(293,21): error TS2322: Type 'null' is not assignable to type 'string | undefined'.
src/stores/dilemmaStore.ts(295,21): error TS2322: Type 'null' is not assignable to type 'string | undefined'.
src/stores/dilemmaStore.ts(297,21): error TS2322: Type 'null' is not assignable to type 'string | undefined'.
src/stores/dilemmaStore.ts(301,25): error TS2353: Object literal may only specify known properties, and 'flagged' does not exist in type '{ action: "removed" | "dismissed"; timestamp: string; moderatorId: string; }'.
src/stores/dilemmaStore.ts(317,21): error TS2322: Type 'null' is not assignable to type 'string | undefined'.
src/stores/dilemmaStore.ts(319,21): error TS2322: Type 'null' is not assignable to type 'string | undefined'.
src/stores/dilemmaStore.ts(321,21): error TS2322: Type 'null' is not assignable to type 'string | undefined'.
src/stores/dilemmaStore.ts(325,25): error TS2353: Object literal may only specify known properties, and 'flagged' does not exist in type '{ action: "removed" | "dismissed"; timestamp: string; moderatorId: string; }'.
src/sw-enhanced.ts(9,1): error TS6192: All imports in import declaration are unused.
src/sw-enhanced.ts(10,1): error TS6192: All imports in import declaration are unused.
src/sw-enhanced.ts(11,1): error TS6133: 'ExpirationPlugin' is declared but its value is never read.
src/sw-enhanced.ts(12,1): error TS6133: 'CacheableResponsePlugin' is declared but its value is never read.
src/sw-enhanced.ts(13,1): error TS6133: 'BackgroundSyncPlugin' is declared but its value is never read.
src/sw-enhanced.ts(28,6): error TS2339: Property 'addEventListener' does not exist on type 'ServiceWorkerGlobalScope'.
src/sw-enhanced.ts(28,36): error TS7006: Parameter 'event' implicitly has an 'any' type.
src/sw-enhanced.ts(41,18): error TS2339: Property 'clients' does not exist on type 'ServiceWorkerGlobalScope'.
src/sw-enhanced.ts(49,6): error TS2339: Property 'addEventListener' does not exist on type 'ServiceWorkerGlobalScope'.
src/sw-enhanced.ts(49,33): error TS7006: Parameter 'event' implicitly has an 'any' type.
src/sw-enhanced.ts(322,9): error TS6133: 'url' is declared but its value is never read.
src/sw-enhanced.ts(429,6): error TS2339: Property 'addEventListener' does not exist on type 'ServiceWorkerGlobalScope'.
src/sw-enhanced.ts(429,32): error TS7006: Parameter 'event' implicitly has an 'any' type.
src/sw-enhanced.ts(469,6): error TS2339: Property 'addEventListener' does not exist on type 'ServiceWorkerGlobalScope'.
src/sw-enhanced.ts(469,35): error TS7006: Parameter 'event' implicitly has an 'any' type.
src/sw-enhanced.ts(478,36): error TS2339: Property 'clients' does not exist on type 'ServiceWorkerGlobalScope'.
src/sw-enhanced.ts(479,25): error TS7006: Parameter 'client' implicitly has an 'any' type.
src/sw-enhanced.ts(495,6): error TS2339: Property 'addEventListener' does not exist on type 'ServiceWorkerGlobalScope'.
src/sw-enhanced.ts(495,35): error TS7006: Parameter 'event' implicitly has an 'any' type.
src/tests/culturalCrisisDetection.test.tsx(8,1): error TS6133: 'React' is declared but its value is never read.
src/utils/accessibilityAuditor.ts(46,6): error TS6196: 'AuditCategory' is declared but never used.
src/utils/accessibilityAuditor.ts(108,26): error TS6133: 'index' is declared but its value is never read.
src/utils/accessibilityAuditor.ts(394,17): error TS2339: Property 'focus' does not exist on type 'Element'.
src/utils/ApiClient.ts(339,90): error TS6133: 'actingHelper' is declared but its value is never read.
src/utils/ApiClient.ts(403,44): error TS6133: 'actingHelper' is declared but its value is never read.
src/utils/ApiClient.ts(406,41): error TS6133: 'actingHelper' is declared but its value is never read.
src/utils/bundleOptimization.ts(160,11): error TS6133: 'duplicates' is declared but its value is never read.
src/utils/habitUtils.ts(3,7): error TS6133: 'areDatesConsecutive' is declared but its value is never read.
src/utils/imageOptimization.ts(164,43): error TS6133: 'size' is declared but its value is never read.
src/utils/imageOptimization.ts(234,31): error TS6133: 'sourceUrl' is declared but its value is never read.
src/utils/performanceIntegration.tsx(104,5): error TS6133: 'priority' is declared but its value is never read.
src/views/AIChatView.tsx(7,10): error TS2614: Module '"../components/TypingIndicator"' has no exported member 'TypingIndicator'. Did you mean to use 'import TypingIndicator from "../components/TypingIndicator"' instead?
src/views/AIChatView.tsx(13,46): error TS2307: Cannot find module '../components/TherapistSelector' or its corresponding type declarations.
src/views/AIChatView.tsx(136,40): error TS2322: Type '{ type: string; }' is not assignable to type 'IntrinsicAttributes & AIAssistanceIndicatorProps'.
  Property 'type' does not exist on type 'IntrinsicAttributes & AIAssistanceIndicatorProps'.
src/views/AssessmentDetailView.tsx(8,76): error TS2307: Cannot find module '../utils/assessmentUtils' or its corresponding type declarations.
src/views/AssessmentDetailView.tsx(107,51): error TS7006: Parameter 'q' implicitly has an 'any' type.
src/views/AssessmentDetailView.tsx(107,54): error TS7006: Parameter 'index' implicitly has an 'any' type.
src/views/AssessmentDetailView.tsx(111,44): error TS7006: Parameter 'option' implicitly has an 'any' type.
src/views/AssessmentHistoryView.tsx(7,46): error TS2307: Cannot find module '../utils/assessmentUtils' or its corresponding type declarations.
src/views/ChatView.tsx(3,32): error TS6133: 'Helper' is declared but its value is never read.
src/views/ChatView.tsx(4,30): error TS6133: 'CertifiedIcon' is declared but its value is never read.
src/views/ChatView.tsx(5,10): error TS2614: Module '"../components/TypingIndicator"' has no exported member 'TypingIndicator'. Did you mean to use 'import TypingIndicator from "../components/TypingIndicator"' instead?
src/views/ChatView.tsx(7,31): error TS2307: Cannot find module '../components/GuidancePanel' or its corresponding type declarations.
src/views/ChatView.tsx(41,12): error TS6133: 'isHolding' is declared but its value is never read.
src/views/CommunityGuidelinesView.tsx(1,1): error TS6133: 'React' is declared but its value is never read.
src/views/FavoriteHelpersView.tsx(11,28): error TS2307: Cannot find module '../components/EmptyState' or its corresponding type declarations.
src/views/FavoriteHelpersView.tsx(45,29): error TS2353: Object literal may only specify known properties, and 'totalSessions' does not exist in type 'Helper'.
src/views/FavoriteHelpersView.tsx(57,29): error TS2353: Object literal may only specify known properties, and 'totalSessions' does not exist in type 'Helper'.
src/views/FavoriteHelpersView.tsx(69,29): error TS2353: Object literal may only specify known properties, and 'totalSessions' does not exist in type 'Helper'.
src/views/FeedView.tsx(4,22): error TS6133: 'FeedIcon' is declared but its value is never read.
src/views/HelperDashboardView.test.tsx(1,1): error TS6133: 'React' is declared but its value is never read.
src/views/HelperDashboardView.test.tsx(2,18): error TS6133: 'act' is declared but its value is never read.
src/views/HelperDashboardView.test.tsx(61,60): error TS2339: Property 'toBeInTheDocument' does not exist on type 'Matchers<void, HTMLElement> & SnapshotMatchers<void, HTMLElement> & Inverse<JestMatchers<void, HTMLElement>> & PromiseMatchers<...>'.
src/views/HelperDashboardView.tsx(3,19): error TS6133: 'Helper' is declared but its value is never read.
src/views/HelperDashboardView.tsx(3,52): error TS6133: 'HelpSession' is declared but its value is never read.
src/views/HelperDashboardView.tsx(5,61): error TS6133: 'AchievementsIcon' is declared but its value is never read.
src/views/HelperDashboardView.tsx(12,30): error TS2307: Cannot find module '../utils/truncateText' or its corresponding type declarations.
src/views/HelperDashboardView.tsx(16,28): error TS2307: Cannot find module '../components/EmptyState' or its corresponding type declarations.
src/views/HelperDashboardView.tsx(34,12): error TS6133: 'isLoadingFeedback' is declared but its value is never read.
src/views/HelperDashboardView.tsx(150,238): error TS2322: Type '{ value: number; decimals: number; }' is not assignable to type 'IntrinsicAttributes & AnimatedNumberProps'.
  Property 'decimals' does not exist on type 'IntrinsicAttributes & AnimatedNumberProps'.
src/views/HelperProfileView.tsx(6,10): error TS6133: 'Helper' is declared but its value is never read.
src/views/HelperTrainingView.tsx(6,1): error TS6133: 'View' is declared but its value is never read.
src/views/ModerationDashboardView.tsx(2,10): error TS6133: 'Dilemma' is declared but its value is never read.
src/views/ModerationHistoryView.tsx(29,21): error TS2353: Object literal may only specify known properties, and 'moderatorId' does not exist in type 'ModerationAction'.
src/views/ModerationHistoryView.tsx(37,21): error TS2353: Object literal may only specify known properties, and 'moderatorId' does not exist in type 'ModerationAction'.
src/views/ModerationHistoryView.tsx(45,21): error TS2353: Object literal may only specify known properties, and 'moderatorId' does not exist in type 'ModerationAction'.
src/views/ModerationHistoryView.tsx(54,21): error TS2322: Type 'null' is not assignable to type 'string | undefined'.
src/views/ModerationHistoryView.tsx(61,21): error TS2353: Object literal may only specify known properties, and 'moderatorId' does not exist in type 'ModerationAction'.
src/views/ModerationHistoryView.tsx(69,21): error TS2353: Object literal may only specify known properties, and 'moderatorId' does not exist in type 'ModerationAction'.
src/views/ModerationHistoryView.tsx(78,21): error TS2322: Type 'null' is not assignable to type 'string | undefined'.
src/views/ModerationHistoryView.tsx(108,45): error TS2339: Property 'moderatorId' does not exist on type 'ModerationAction'.
src/views/ModerationHistoryView.tsx(108,91): error TS2339: Property 'moderatorId' does not exist on type 'ModerationAction'.
src/views/MyPostsView.tsx(8,28): error TS2307: Cannot find module '../components/EmptyState' or its corresponding type declarations.
src/views/PastSessionsView.tsx(9,28): error TS2307: Cannot find module '../components/EmptyState' or its corresponding type declarations.
src/views/PeerSupportView.tsx(5,28): error TS2307: Cannot find module '../components/EmptyState' or its corresponding type declarations.
src/views/PeerSupportView.tsx(8,1): error TS6133: 'ApiClient' is declared but its value is never read.
src/views/PeerSupportView.tsx(9,1): error TS6133: 'i18n' is declared but its value is never read.
src/views/PeerSupportView.tsx(22,73): error TS6133: 'userToken' is declared but its value is never read.
src/views/PeerSupportView.tsx(25,10): error TS6133: 'selectedMatch' is declared but its value is never read.
src/views/PeerSupportView.tsx(165,23): error TS2322: Type '"small"' is not assignable to type 'ButtonSize | undefined'.
src/views/PeerSupportView.tsx(173,23): error TS2322: Type '"small"' is not assignable to type 'ButtonSize | undefined'.
src/views/PublicHelperProfileView.tsx(2,18): error TS6133: 'Dilemma' is declared but its value is never read.
src/views/QuietSpaceView.tsx(2,10): error TS6133: 'SendIcon' is declared but its value is never read.
src/views/QuietSpaceView.tsx(2,54): error TS6133: 'MusicIcon' is declared but its value is never read.
src/views/QuietSpaceView.tsx(86,11): error TS6133: 'audioRef' is declared but its value is never read.
src/views/ReflectionsView.tsx(8,10): error TS2614: Module '"../components/ReflectionCard"' has no exported member 'ReflectionCard'. Did you mean to use 'import ReflectionCard from "../components/ReflectionCard"' instead?
src/views/ReflectionsView.tsx(9,1): error TS6133: 'SkeletonPostCard' is declared but its value is never read.
src/views/SafetyPlanView.tsx(2,10): error TS6133: 'Toast' is declared but its value is never read.
src/views/SettingsView.tsx(5,10): error TS6133: 'Theme' is declared but its value is never read.
src/views/SettingsView.tsx(11,1): error TS6133: 'Card' is declared but its value is never read.
src/views/ShareView.test.tsx(1,1): error TS6133: 'React' is declared but its value is never read.
src/views/ShareView.test.tsx(38,65): error TS2339: Property 'toBeInTheDocument' does not exist on type 'Matchers<void, HTMLElement> & SnapshotMatchers<void, HTMLElement> & Inverse<JestMatchers<void, HTMLElement>> & PromiseMatchers<...>'.
src/views/ShareView.test.tsx(46,66): error TS2339: Property 'toBeInTheDocument' does not exist on type 'Matchers<void, HTMLElement> & SnapshotMatchers<void, HTMLElement> & Inverse<JestMatchers<void, HTMLElement>> & PromiseMatchers<...>'.
src/views/ShareView.test.tsx(49,22): error TS2339: Property 'toHaveValue' does not exist on type 'Matchers<void, HTMLElement> & SnapshotMatchers<void, HTMLElement> & Inverse<JestMatchers<void, HTMLElement>> & PromiseMatchers<...>'.
src/views/ShareView.test.tsx(53,22): error TS2339: Property 'toHaveValue' does not exist on type 'Matchers<void, HTMLElement> & SnapshotMatchers<void, HTMLElement> & Inverse<JestMatchers<void, HTMLElement>> & PromiseMatchers<...>'.
src/views/ShareView.tsx(9,10): error TS2614: Module '"../components/TypingIndicator"' has no exported member 'TypingIndicator'. Did you mean to use 'import TypingIndicator from "../components/TypingIndicator"' instead?
src/views/ShareView.tsx(184,80): error TS2322: Type '{ type: string; message: string; }' is not assignable to type 'IntrinsicAttributes & AIAssistanceIndicatorProps'.
  Property 'type' does not exist on type 'IntrinsicAttributes & AIAssistanceIndicatorProps'.
src/views/ShareView.tsx(234,25): error TS2322: Type '{ type: string; message: string; className: string; }' is not assignable to type 'IntrinsicAttributes & AIAssistanceIndicatorProps'.
  Property 'type' does not exist on type 'IntrinsicAttributes & AIAssistanceIndicatorProps'.
src/views/UploadVideoView.tsx(2,1): error TS6133: 'View' is declared but its value is never read.
src/views/VideoChatView.tsx(9,9): error TS6133: 'dilemma' is declared but its value is never read.
src/views/WellnessVideosView.tsx(3,1): error TS6133: 'ApiClient' is declared but its value is never read.
src/views/WellnessVideosView.tsx(4,1): error TS6133: 'AppButton' is declared but its value is never read.
src/views/WellnessVideosView.tsx(5,10): error TS6133: 'PlusIcon' is declared but its value is never read.
src/views/WellnessVideosView.tsx(5,79): error TS6133: 'PauseIcon' is declared but its value is never read.
src/views/WellnessVideosView.tsx(17,9): error TS2353: Object literal may only specify known properties, and 'thumbnailUrl' does not exist in type 'WellnessVideo'.
src/views/WellnessVideosView.tsx(31,9): error TS2353: Object literal may only specify known properties, and 'thumbnailUrl' does not exist in type 'WellnessVideo'.
src/views/WellnessVideosView.tsx(45,9): error TS2353: Object literal may only specify known properties, and 'thumbnailUrl' does not exist in type 'WellnessVideo'.
src/views/WellnessVideosView.tsx(59,9): error TS2353: Object literal may only specify known properties, and 'thumbnailUrl' does not exist in type 'WellnessVideo'.
src/views/WellnessVideosView.tsx(73,9): error TS2353: Object literal may only specify known properties, and 'thumbnailUrl' does not exist in type 'WellnessVideo'.
src/views/WellnessVideosView.tsx(95,12): error TS6133: 'showControls' is declared but its value is never read.
src/views/WellnessVideosView.tsx(95,26): error TS6133: 'setShowControls' is declared but its value is never read.
src/views/WellnessVideosView.tsx(292,23): error TS2345: Argument of type '"wellness"' is not assignable to parameter of type 'View'.
src/views/WellnessVideosView.tsx(322,75): error TS2345: Argument of type '"warning"' is not assignable to parameter of type '"error" | "success" | "info" | undefined'.
src/views/WellnessView.tsx(7,23): error TS6133: 'Habit' is declared but its value is never read.
src/views/WellnessView.tsx(184,75): error TS6133: 'untrackHabit' is declared but its value is never read.
